Removed Pin From Net: NetName=NetP4_1 Pin=Relay3-1
Removed Pin From Net: NetName=NetP4_2 Pin=Relay3-2
Removed Pin From Net: NetName=NetP5_1 Pin=Relay4-1
Removed Pin From Net: NetName=NetP5_2 Pin=Relay4-2
Removed Pin From Net: NetName=NetP6_1 Pin=Relay5-1
Removed Pin From Net: NetName=NetP6_2 Pin=Relay5-2
Removed Pin From Net: NetName=NetP7_1 Pin=Relay6-1
Removed Pin From Net: NetName=NetP7_2 Pin=Relay6-2
Removed Pin From Net: NetName=NetP8_1 Pin=Relay 8-1
Removed Pin From Net: NetName=NetP8_2 Pin=Relay 8-2
Removed Pin From Net: NetName=NetP10_1 Pin=Relay9-1
Removed Pin From Net: NetName=NetP10_2 Pin=Relay9-2
Removed Pin From Net: NetName=NetP9_1 Pin=Relay-1
Removed Pin From Net: NetName=NetP9_2 Pin=Relay-2
Added Pin To Net: NetName=NetP4_2 Pin=Relay3-1
Added Pin To Net: NetName=NetP4_1 Pin=Relay3-2
Added Pin To Net: NetName=NetP5_2 Pin=Relay4-1
Added Pin To Net: NetName=NetP5_1 Pin=Relay4-2
Added Pin To Net: NetName=NetP6_2 Pin=Relay5-1
Added Pin To Net: NetName=NetP6_1 Pin=Relay5-2
Added Pin To Net: NetName=NetP7_2 Pin=Relay6-1
Added Pin To Net: NetName=NetP7_1 Pin=Relay6-2
Added Pin To Net: NetName=NetP8_2 Pin=Relay 8-1
Added Pin To Net: NetName=NetP8_1 Pin=Relay 8-2
Added Pin To Net: NetName=NetP10_2 Pin=Relay9-1
Added Pin To Net: NetName=NetP10_1 Pin=Relay9-2
Added Pin To Net: NetName=NetP9_2 Pin=Relay-1
Added Pin To Net: NetName=NetP9_1 Pin=Relay-2
