Added Component: Designator=C1(RAD-0.3)
Added Component: Designator=C2(POLAR0.8)
Added Component: Designator=D1(LED-0)
Added Component: Designator=D2(LED-0)
Added Component: Designator=D3(LED-0)
Added Component: Designator=D4(LED-0)
Added Component: Designator=D5(LED-0)
Added Component: Designator=D6(LED-0)
Added Component: Designator=D7(LED-0)
Added Component: Designator=D8(LED-0)
Added Component: Designator=D9(LED-0)
Added Component: Designator=P1(HDR1X2)
Added Component: Designator=P2(HDR1X10)
Added Component: Designator=P3(HDR1X3)
Added Component: Designator=P4(HDR1X3)
Added Component: Designator=P5(HDR1X3)
Added Component: Designator=P6(HDR1X3)
Added Component: Designator=P7(HDR1X3)
Added Component: Designator=P8(HDR1X3)
Added Component: Designator=P9(HDR1X3)
Added Component: Designator=P10(HDR1X3)
Added Component: Designator=R1(RESC1608L)
Added Component: Designator=R2(RESC1608L)
Added Component: Designator=R3(RESC1608L)
Added Component: Designator=R4(RESC1608L)
Added Component: Designator=R5(RESC1608L)
Added Component: Designator=R6(RESC1608L)
Added Component: Designator=R7(RESC1608L)
Added Component: Designator=R8(RESC1608L)
Added Component: Designator=R9(RESC1608L)
Added Component: Designator=Relay2(Relay_Sugarcube)
Added Component: Designator=Relay3(Relay_Sugarcube)
Added Component: Designator=Relay4(Relay_Sugarcube)
Added Component: Designator=Relay5(Relay_Sugarcube)
Added Component: Designator=Relay6(Relay_Sugarcube)
Added Component: Designator=Relay 8(Relay_Sugarcube)
Added Component: Designator=Relay9(Relay_Sugarcube)
Added Component: Designator=Relay(Relay_Sugarcube)
Added Component: Designator=U1(LW18_N)
Added Pin To Net: NetName=GND Pin=C1-1
Added Pin To Net: NetName=GND Pin=C2-2
Added Pin To Net: NetName=GND Pin=D1-2
Added Pin To Net: NetName=GND Pin=P1-2
Added Pin To Net: NetName=GND Pin=P2-9
Added Pin To Net: NetName=GND Pin=U1-9
Added Net: Name=GND
Added Pin To Net: NetName=NetD1_1 Pin=D1-1
Added Pin To Net: NetName=NetD1_1 Pin=R1-1
Added Net: Name=NetD1_1
Added Pin To Net: NetName=NetD2_1 Pin=D2-1
Added Pin To Net: NetName=NetD2_1 Pin=R2-1
Added Net: Name=NetD2_1
Added Pin To Net: NetName=NetD3_1 Pin=D3-1
Added Pin To Net: NetName=NetD3_1 Pin=R3-1
Added Net: Name=NetD3_1
Added Pin To Net: NetName=NetD4_1 Pin=D4-1
Added Pin To Net: NetName=NetD4_1 Pin=R4-1
Added Net: Name=NetD4_1
Added Pin To Net: NetName=NetD5_1 Pin=D5-1
Added Pin To Net: NetName=NetD5_1 Pin=R5-1
Added Net: Name=NetD5_1
Added Pin To Net: NetName=NetD6_1 Pin=D6-1
Added Pin To Net: NetName=NetD6_1 Pin=R6-1
Added Net: Name=NetD6_1
Added Pin To Net: NetName=NetD7_1 Pin=D7-1
Added Pin To Net: NetName=NetD7_1 Pin=R7-1
Added Net: Name=NetD7_1
Added Pin To Net: NetName=NetD8_1 Pin=D8-1
Added Pin To Net: NetName=NetD8_1 Pin=R8-1
Added Net: Name=NetD8_1
Added Pin To Net: NetName=NetD9_1 Pin=D9-1
Added Pin To Net: NetName=NetD9_1 Pin=R9-1
Added Net: Name=NetD9_1
Added Pin To Net: NetName=NetP2_1 Pin=P2-1
Added Pin To Net: NetName=NetP2_1 Pin=U1-1
Added Net: Name=NetP2_1
Added Pin To Net: NetName=NetP2_2 Pin=P2-2
Added Pin To Net: NetName=NetP2_2 Pin=U1-2
Added Net: Name=NetP2_2
Added Pin To Net: NetName=NetP2_3 Pin=P2-3
Added Pin To Net: NetName=NetP2_3 Pin=U1-3
Added Net: Name=NetP2_3
Added Pin To Net: NetName=NetP2_4 Pin=P2-4
Added Pin To Net: NetName=NetP2_4 Pin=U1-4
Added Net: Name=NetP2_4
Added Pin To Net: NetName=NetP2_5 Pin=P2-5
Added Pin To Net: NetName=NetP2_5 Pin=U1-5
Added Net: Name=NetP2_5
Added Pin To Net: NetName=NetP2_6 Pin=P2-6
Added Pin To Net: NetName=NetP2_6 Pin=U1-6
Added Net: Name=NetP2_6
Added Pin To Net: NetName=NetP2_7 Pin=P2-7
Added Pin To Net: NetName=NetP2_7 Pin=U1-7
Added Net: Name=NetP2_7
Added Pin To Net: NetName=NetP2_8 Pin=P2-8
Added Pin To Net: NetName=NetP2_8 Pin=U1-8
Added Net: Name=NetP2_8
Added Pin To Net: NetName=NetP3_1 Pin=P3-1
Added Pin To Net: NetName=NetP3_1 Pin=Relay2-1
Added Net: Name=NetP3_1
Added Pin To Net: NetName=NetP3_2 Pin=P3-2
Added Pin To Net: NetName=NetP3_2 Pin=Relay2-2
Added Net: Name=NetP3_2
Added Pin To Net: NetName=NetP3_3 Pin=P3-3
Added Pin To Net: NetName=NetP3_3 Pin=Relay2-3
Added Net: Name=NetP3_3
Added Pin To Net: NetName=NetP4_1 Pin=P4-1
Added Pin To Net: NetName=NetP4_1 Pin=Relay3-1
Added Net: Name=NetP4_1
Added Pin To Net: NetName=NetP4_2 Pin=P4-2
Added Pin To Net: NetName=NetP4_2 Pin=Relay3-2
Added Net: Name=NetP4_2
Added Pin To Net: NetName=NetP4_3 Pin=P4-3
Added Pin To Net: NetName=NetP4_3 Pin=Relay3-3
Added Net: Name=NetP4_3
Added Pin To Net: NetName=NetP5_1 Pin=P5-1
Added Pin To Net: NetName=NetP5_1 Pin=Relay4-1
Added Net: Name=NetP5_1
Added Pin To Net: NetName=NetP5_2 Pin=P5-2
Added Pin To Net: NetName=NetP5_2 Pin=Relay4-2
Added Net: Name=NetP5_2
Added Pin To Net: NetName=NetP5_3 Pin=P5-3
Added Pin To Net: NetName=NetP5_3 Pin=Relay4-3
Added Net: Name=NetP5_3
Added Pin To Net: NetName=NetP6_1 Pin=P6-1
Added Pin To Net: NetName=NetP6_1 Pin=Relay5-1
Added Net: Name=NetP6_1
Added Pin To Net: NetName=NetP6_2 Pin=P6-2
Added Pin To Net: NetName=NetP6_2 Pin=Relay5-2
Added Net: Name=NetP6_2
Added Pin To Net: NetName=NetP6_3 Pin=P6-3
Added Pin To Net: NetName=NetP6_3 Pin=Relay5-3
Added Net: Name=NetP6_3
Added Pin To Net: NetName=NetP7_1 Pin=P7-1
Added Pin To Net: NetName=NetP7_1 Pin=Relay6-1
Added Net: Name=NetP7_1
Added Pin To Net: NetName=NetP7_2 Pin=P7-2
Added Pin To Net: NetName=NetP7_2 Pin=Relay6-2
Added Net: Name=NetP7_2
Added Pin To Net: NetName=NetP7_3 Pin=P7-3
Added Pin To Net: NetName=NetP7_3 Pin=Relay6-3
Added Net: Name=NetP7_3
Added Pin To Net: NetName=NetP8_1 Pin=P8-1
Added Pin To Net: NetName=NetP8_1 Pin=Relay 8-1
Added Net: Name=NetP8_1
Added Pin To Net: NetName=NetP8_2 Pin=P8-2
Added Pin To Net: NetName=NetP8_2 Pin=Relay 8-2
Added Net: Name=NetP8_2
Added Pin To Net: NetName=NetP8_3 Pin=P8-3
Added Pin To Net: NetName=NetP8_3 Pin=Relay 8-3
Added Net: Name=NetP8_3
Added Pin To Net: NetName=NetP9_1 Pin=P9-1
Added Pin To Net: NetName=NetP9_1 Pin=Relay-1
Added Net: Name=NetP9_1
Added Pin To Net: NetName=NetP9_2 Pin=P9-2
Added Pin To Net: NetName=NetP9_2 Pin=Relay-2
Added Net: Name=NetP9_2
Added Pin To Net: NetName=NetP9_3 Pin=P9-3
Added Pin To Net: NetName=NetP9_3 Pin=Relay-3
Added Net: Name=NetP9_3
Added Pin To Net: NetName=NetP10_1 Pin=P10-1
Added Pin To Net: NetName=NetP10_1 Pin=Relay9-1
Added Net: Name=NetP10_1
Added Pin To Net: NetName=NetP10_2 Pin=P10-2
Added Pin To Net: NetName=NetP10_2 Pin=Relay9-2
Added Net: Name=NetP10_2
Added Pin To Net: NetName=NetP10_3 Pin=P10-3
Added Pin To Net: NetName=NetP10_3 Pin=Relay9-3
Added Net: Name=NetP10_3
Added Pin To Net: NetName=OP1 Pin=D9-2
Added Pin To Net: NetName=OP1 Pin=Relay9-5
Added Pin To Net: NetName=OP1 Pin=U1-18
Added Net: Name=OP1
Added Pin To Net: NetName=OP2 Pin=D7-2
Added Pin To Net: NetName=OP2 Pin=Relay-5
Added Pin To Net: NetName=OP2 Pin=U1-17
Added Net: Name=OP2
Added Pin To Net: NetName=OP3 Pin=D2-2
Added Pin To Net: NetName=OP3 Pin=Relay2-5
Added Pin To Net: NetName=OP3 Pin=U1-16
Added Net: Name=OP3
Added Pin To Net: NetName=OP4 Pin=D3-2
Added Pin To Net: NetName=OP4 Pin=Relay3-5
Added Pin To Net: NetName=OP4 Pin=U1-15
Added Net: Name=OP4
Added Pin To Net: NetName=OP5 Pin=D4-2
Added Pin To Net: NetName=OP5 Pin=Relay4-5
Added Pin To Net: NetName=OP5 Pin=U1-14
Added Net: Name=OP5
Added Pin To Net: NetName=OP6 Pin=D5-2
Added Pin To Net: NetName=OP6 Pin=Relay5-5
Added Pin To Net: NetName=OP6 Pin=U1-13
Added Net: Name=OP6
Added Pin To Net: NetName=OP7 Pin=D8-2
Added Pin To Net: NetName=OP7 Pin=Relay 8-5
Added Pin To Net: NetName=OP7 Pin=U1-12
Added Net: Name=OP7
Added Pin To Net: NetName=OP8 Pin=D6-2
Added Pin To Net: NetName=OP8 Pin=Relay6-5
Added Pin To Net: NetName=OP8 Pin=U1-11
Added Net: Name=OP8
Added Pin To Net: NetName=VCC Pin=C1-2
Added Pin To Net: NetName=VCC Pin=C2-1
Added Pin To Net: NetName=VCC Pin=P1-1
Added Pin To Net: NetName=VCC Pin=P2-10
Added Pin To Net: NetName=VCC Pin=R1-2
Added Pin To Net: NetName=VCC Pin=R2-2
Added Pin To Net: NetName=VCC Pin=R3-2
Added Pin To Net: NetName=VCC Pin=R4-2
Added Pin To Net: NetName=VCC Pin=R5-2
Added Pin To Net: NetName=VCC Pin=R6-2
Added Pin To Net: NetName=VCC Pin=R7-2
Added Pin To Net: NetName=VCC Pin=R8-2
Added Pin To Net: NetName=VCC Pin=R9-2
Added Pin To Net: NetName=VCC Pin=Relay2-4
Added Pin To Net: NetName=VCC Pin=Relay3-4
Added Pin To Net: NetName=VCC Pin=Relay4-4
Added Pin To Net: NetName=VCC Pin=Relay5-4
Added Pin To Net: NetName=VCC Pin=Relay6-4
Added Pin To Net: NetName=VCC Pin=Relay 8-4
Added Pin To Net: NetName=VCC Pin=Relay9-4
Added Pin To Net: NetName=VCC Pin=Relay-4
Added Pin To Net: NetName=VCC Pin=U1-10
Added Net: Name=VCC
Added Class: Name=8CH_RELAY_CARD
Added Room: Name=8CH_RELAY_CARD
